[20:14:51] [Server thread/INFO]: Starting minecraft server version 1.12
[20:14:51] [Server thread/INFO]: Loading properties
[20:14:51] [Server thread/INFO]: Default game type: SURVIVAL
[20:14:51] [Server thread/INFO]: Generating keypair
[20:14:51] [Server thread/INFO]: Starting Minecraft server on *:25565
[20:14:51] [Server thread/INFO]: Using default channel type
[20:14:51] [Server thread/INFO]: This server is running CraftBukkit version git-Bukkit-2c5c611 (MC: 1.12) (Implementing API version 1.12-R0.1-SNAPSHOT)
[20:14:52] [Server thread/INFO]: [MassiveCore] Loading MassiveCore v2.11.0
[20:14:52] [Server thread/INFO]: [Factions] Loading Factions v2.11.0
[20:14:52] [Server thread/INFO]: [MassiveCore] Enabling MassiveCore v2.11.0
[20:14:52] [Server thread/INFO]: [0;36;22m[[0;36;1mMassiveCore 2.11.0[0;36;22m] [0;33;1m=== ENABLE START ===[m
[20:14:52] [Server thread/INFO]: [0;36;22m[[0;36;1mMassiveCore 2.11.0[0;36;22m] [0;33;1m[0;33;1mLoading Cachefile datas...[m
[20:14:52] [Server thread/INFO]: [0;36;22m[[0;36;1mMassiveCore 2.11.0[0;36;22m] [0;33;1m[0;33;1mLoading Onlineplayer datas...[m
[20:14:52] [Server thread/INFO]: [0;36;22m[[0;36;1mMassiveCore 2.11.0[0;36;22m] [0;33;1m[0;33;1mLoading Registry datas...[m
[20:14:52] [Server thread/INFO]: [0;36;22m[[0;36;1mMassiveCore 2.11.0[0;36;22m] [0;33;1m[0;33;1mSaving Cachefile...[m
[20:14:52] [Server thread/INFO]: [0;36;22m[[0;36;1mMassiveCore 2.11.0[0;36;22m] [0;33;1m[0;33;1mSetup of IdUtil took [0;35;1m13[0;33;1mms.[m
[20:14:53] [Server thread/INFO]: [0;36;22m[[0;36;1mMassiveCore 2.11.0[0;36;22m] [0;33;1m[0;33;1mMixin [0;35;1mNmsPlayerInventoryCreate[0;33;1m set to [0;35;1mMinecraft 1.7.10+ [1_7_R4+][m
[20:14:53] [Server thread/INFO]: [0;36;22m[[0;36;1mMassiveCore 2.11.0[0;36;22m] [0;33;1m[0;33;1mMixin [0;35;1mNmsBasics[0;33;1m set to [0;35;1mMinecraft 1.7.10+ [1_7_R4+][m
[20:14:53] [Server thread/INFO]: [0;36;22m[[0;36;1mMassiveCore 2.11.0[0;36;22m] [0;33;1m[0;33;1mMixin [0;35;1mNmsBoard[0;33;1m set to [0;35;1mMinecraft 1.9.0+ [1_9_R1+][m
[20:14:53] [Server thread/WARN]: java.lang.IllegalStateException: NoSuchMethodException: net.minecraft.server.v1_12_R1.PacketPlayOutChat.<init>(net.minecraft.server.v1_12_R1.IChatBaseComponent, byte)
[20:14:53] [Server thread/WARN]: 	at com.massivecraft.massivecore.util.ReflectionUtil.asRuntimeException(ReflectionUtil.java:513)
[20:14:53] [Server thread/WARN]: 	at com.massivecraft.massivecore.util.ReflectionUtil.getConstructor(ReflectionUtil.java:175)
[20:14:53] [Server thread/WARN]: 	at com.massivecraft.massivecore.nms.NmsChatAbstract.setup(NmsChatAbstract.java:85)
[20:14:53] [Server thread/WARN]: 	at com.massivecraft.massivecore.mixin.Mixin.<init>(Mixin.java:92)
[20:14:53] [Server thread/WARN]: 	at com.massivecraft.massivecore.nms.NmsChat.<init>(NmsChat.java:10)
[20:14:53] [Server thread/WARN]: 	at com.massivecraft.massivecore.nms.NmsChatAbstract.<init>(NmsChatAbstract.java:14)
[20:14:53] [Server thread/WARN]: 	at com.massivecraft.massivecore.nms.NmsChat18R2P.<init>(NmsChat18R2P.java:6)
[20:14:53] [Server thread/WARN]: 	at com.massivecraft.massivecore.nms.NmsChat18R2P.<clinit>(NmsChat18R2P.java:12)
[20:14:53] [Server thread/WARN]: 	at sun.reflect.NativeMethodAccessorImpl.invoke0(Native Method)
[20:14:53] [Server thread/WARN]: 	at sun.reflect.NativeMethodAccessorImpl.invoke(NativeMethodAccessorImpl.java:62)
[20:14:53] [Server thread/WARN]: 	at sun.reflect.DelegatingMethodAccessorImpl.invoke(DelegatingMethodAccessorImpl.java:43)
[20:14:53] [Server thread/WARN]: 	at java.lang.reflect.Method.invoke(Method.java:498)
[20:14:53] [Server thread/WARN]: 	at com.massivecraft.massivecore.util.ReflectionUtil.invokeMethod(ReflectionUtil.java:141)
[20:14:53] [Server thread/WARN]: 	at com.massivecraft.massivecore.util.ReflectionUtil.invokeMethod(ReflectionUtil.java:157)
[20:14:53] [Server thread/WARN]: 	at com.massivecraft.massivecore.util.ReflectionUtil.getSingletonInstance(ReflectionUtil.java:232)
[20:14:53] [Server thread/WARN]: 	at com.massivecraft.massivecore.util.ReflectionUtil.getSingletonInstanceFirstCombatible(ReflectionUtil.java:244)
[20:14:53] [Server thread/WARN]: 	at com.massivecraft.massivecore.mixin.Mixin.setActiveVerboose(Mixin.java:151)
[20:14:53] [Server thread/WARN]: 	at com.massivecraft.massivecore.mixin.Mixin.setActive(Mixin.java:141)
[20:14:53] [Server thread/WARN]: 	at com.massivecraft.massivecore.Engine.setActive(Engine.java:108)
[20:14:53] [Server thread/WARN]: 	at com.massivecraft.massivecore.MassivePlugin.activateOne(MassivePlugin.java:248)
[20:14:53] [Server thread/WARN]: 	at com.massivecraft.massivecore.MassivePlugin.activateOne(MassivePlugin.java:227)
[20:14:53] [Server thread/WARN]: 	at com.massivecraft.massivecore.MassivePlugin.activateOne(MassivePlugin.java:227)
[20:14:53] [Server thread/WARN]: 	at com.massivecraft.massivecore.MassivePlugin.activateOne(MassivePlugin.java:236)
[20:14:53] [Server thread/WARN]: 	at com.massivecraft.massivecore.MassivePlugin.activate(MassivePlugin.java:212)
[20:14:53] [Server thread/WARN]: 	at com.massivecraft.massivecore.MassivePlugin.activateAuto(MassivePlugin.java:322)
[20:14:53] [Server thread/WARN]: 	at com.massivecraft.massivecore.MassiveCore.onEnableInner(MassiveCore.java:234)
[20:14:53] [Server thread/WARN]: 	at com.massivecraft.massivecore.MassivePlugin.onEnable(MassivePlugin.java:82)
[20:14:53] [Server thread/WARN]: 	at org.bukkit.plugin.java.JavaPlugin.setEnabled(JavaPlugin.java:264)
[20:14:53] [Server thread/WARN]: 	at org.bukkit.plugin.java.JavaPluginLoader.enablePlugin(JavaPluginLoader.java:329)
[20:14:53] [Server thread/WARN]: 	at org.bukkit.plugin.SimplePluginManager.enablePlugin(SimplePluginManager.java:401)
[20:14:53] [Server thread/WARN]: 	at org.bukkit.craftbukkit.v1_12_R1.CraftServer.enablePlugin(CraftServer.java:360)
[20:14:53] [Server thread/WARN]: 	at org.bukkit.craftbukkit.v1_12_R1.CraftServer.enablePlugins(CraftServer.java:321)
[20:14:53] [Server thread/WARN]: 	at net.minecraft.server.v1_12_R1.DedicatedServer.init(DedicatedServer.java:189)
[20:14:53] [Server thread/WARN]: 	at net.minecraft.server.v1_12_R1.MinecraftServer.run(MinecraftServer.java:521)
[20:14:53] [Server thread/WARN]: 	at java.lang.Thread.run(Thread.java:745)
[20:14:53] [Server thread/INFO]: [0;36;22m[[0;36;1mMassiveCore 2.11.0[0;36;22m] [0;33;1m[0;33;1mMixin [0;35;1mNmsChat[0;33;1m set to [0;35;1mMinecraft 1.8.3+ [1_8_R2+][m
[20:14:53] [Server thread/INFO]: [0;36;22m[[0;36;1mMassiveCore 2.11.0[0;36;22m] [0;33;1m[0;33;1mMixin [0;35;1mNmsItemStackCreate[0;33;1m set to [0;35;1mMinecraft 1.7.10+ [1_7_R4+][m
[20:14:53] [Server thread/INFO]: [0;36;22m[[0;36;1mMassiveCore 2.11.0[0;36;22m] [0;33;1m[0;33;1mMixin [0;35;1mNmsPermissions[0;33;1m set to [0;35;1mMinecraft 1.7.10+ [1_7_R4+][m
[20:14:53] [Server thread/INFO]: [0;36;22m[[0;36;1mMassiveCore 2.11.0[0;36;22m] [0;33;1m[0;33;1mMixin [0;35;1mNmsSkullMeta[0;33;1m set to [0;35;1mMinecraft 1.8.0+ [1_8_R1+][m
[20:14:53] [Server thread/INFO]: [0;36;22m[[0;36;1mMassiveCore 2.11.0[0;36;22m] [0;33;1m[0;33;1mMixin [0;35;1mNmsEntityGet[0;33;1m set to [0;35;1mMinecraft 1.8.0+ [1_8_R1+][m
[20:14:53] [Server thread/INFO]: [0;36;22m[[0;36;1mMassiveCore 2.11.0[0;36;22m] [0;33;1m[0;33;1mMixin [0;35;1mNmsEntityDamageEvent[0;33;1m set to [0;35;1mMinecraft 1.7.10+ [1_7_R4+][m
[20:14:53] [Server thread/INFO]: [0;36;22m[[0;36;1mMassiveCore 2.11.0[0;36;22m] [0;33;1m[0;33;1mMixin [0;35;1mNmsItemStackTooltip[0;33;1m set to [0;35;1mMinecraft 1.8.0+ [1_8_R1+][m
[20:14:53] [Server thread/INFO]: [0;36;22m[[0;36;1mMassiveCore 2.11.0[0;36;22m] [0;33;1m[0;32;1mIntegration Activated [0;35;1mIntegrationLiabilityAreaEffectCloud[m
[20:14:53] [Server thread/INFO]: [0;36;22m[[0;36;1mMassiveCore 2.11.0[0;36;22m] [0;33;1m[0;33;1mMixin [0;35;1mMixinEvent[0;33;1m set to [0;35;1mDefault[m
[20:14:53] [Server thread/INFO]: [0;36;22m[[0;36;1mMassiveCore 2.11.0[0;36;22m] [0;33;1m[0;33;1mMixin [0;35;1mMixinCommand[0;33;1m set to [0;35;1mDefault[m
[20:14:53] [Server thread/INFO]: [0;36;22m[[0;36;1mMassiveCore 2.11.0[0;36;22m] [0;33;1m[0;33;1mMixin [0;35;1mMixinInventory[0;33;1m set to [0;35;1mDefault[m
[20:14:53] [Server thread/INFO]: [0;36;22m[[0;36;1mMassiveCore 2.11.0[0;36;22m] [0;33;1m[0;33;1mMixin [0;35;1mMixinMessage[0;33;1m set to [0;35;1mDefault[m
[20:14:53] [Server thread/INFO]: [0;36;22m[[0;36;1mMassiveCore 2.11.0[0;36;22m] [0;33;1m[0;33;1mMixin [0;35;1mMixinTeleport[0;33;1m set to [0;35;1mDefault[m
[20:14:53] [Server thread/INFO]: [0;36;22m[[0;36;1mMassiveCore 2.11.0[0;36;22m] [0;33;1m[0;33;1mMixin [0;35;1mMixinVisibility[0;33;1m set to [0;35;1mDefault[m
[20:14:53] [Server thread/INFO]: [0;36;22m[[0;36;1mMassiveCore 2.11.0[0;36;22m] [0;33;1m[0;33;1mMixin [0;35;1mMixinActionbar[0;33;1m set to [0;35;1mDefault[m
[20:14:53] [Server thread/INFO]: [0;36;22m[[0;36;1mMassiveCore 2.11.0[0;36;22m] [0;33;1m[0;33;1mMixin [0;35;1mMixinLog[0;33;1m set to [0;35;1mDefault[m
[20:14:53] [Server thread/INFO]: [0;36;22m[[0;36;1mMassiveCore 2.11.0[0;36;22m] [0;33;1m[0;33;1mMixin [0;35;1mMixinPlayed[0;33;1m set to [0;35;1mDefault[m
[20:14:53] [Server thread/INFO]: [0;36;22m[[0;36;1mMassiveCore 2.11.0[0;36;22m] [0;33;1m[0;33;1mMixin [0;35;1mMixinActual[0;33;1m set to [0;35;1mDefault[m
[20:14:53] [Server thread/INFO]: [0;36;22m[[0;36;1mMassiveCore 2.11.0[0;36;22m] [0;33;1m[0;33;1mMixin [0;35;1mMixinGamemode[0;33;1m set to [0;35;1mDefault[m
[20:14:53] [Server thread/INFO]: [0;36;22m[[0;36;1mMassiveCore 2.11.0[0;36;22m] [0;33;1m[0;33;1mMixin [0;35;1mMixinMassiveCraftPremium[0;33;1m set to [0;35;1mDefault[m
[20:14:53] [Server thread/INFO]: [0;36;22m[[0;36;1mMassiveCore 2.11.0[0;36;22m] [0;33;1m[0;33;1mMixin [0;35;1mMixinSenderPs[0;33;1m set to [0;35;1mDefault[m
[20:14:53] [Server thread/INFO]: [0;36;22m[[0;36;1mMassiveCore 2.11.0[0;36;22m] [0;33;1m[0;33;1mMixin [0;35;1mMixinWorld[0;33;1m set to [0;35;1mDefault[m
[20:14:53] [Server thread/INFO]: [0;36;22m[[0;36;1mMassiveCore 2.11.0[0;36;22m] [0;33;1m[0;33;1mMixin [0;35;1mMixinDisplayName[0;33;1m set to [0;35;1mDefault[m
[20:14:53] [Server thread/INFO]: [0;36;22m[[0;36;1mMassiveCore 2.11.0[0;36;22m] [0;33;1m[0;33;1mMixin [0;35;1mMixinKick[0;33;1m set to [0;35;1mDefault[m
[20:14:53] [Server thread/INFO]: [0;36;22m[[0;36;1mMassiveCore 2.11.0[0;36;22m] [0;33;1m[0;33;1mMixin [0;35;1mMixinModification[0;33;1m set to [0;35;1mDefault[m
[20:14:53] [Server thread/INFO]: [0;36;22m[[0;36;1mMassiveCore 2.11.0[0;36;22m] [0;33;1m[0;33;1mMixin [0;35;1mMixinTitle[0;33;1m set to [0;35;1mDefault[m
[20:14:53] [Server thread/INFO]: [0;36;22m[[0;36;1mMassiveCore 2.11.0[0;36;22m] [0;33;1m=== ENABLE [0;32;1mCOMPLETE [0;33;1m(Took [0;35;1m1438ms[0;33;1m) ===[m
[20:14:53] [Server thread/INFO]: Preparing level "world"
[20:14:53] [Server thread/INFO]: Preparing start region for level 0 (Seed: -2000974701260451713)
[20:14:54] [Server thread/INFO]: Preparing spawn area: 89%
[20:14:54] [Server thread/INFO]: Preparing start region for level 1 (Seed: -2000974701260451713)
[20:14:55] [Thread-3/INFO]: Stopping server
[20:14:55] [Thread-3/INFO]: [0;36;22m[[0;36;1mMassiveCore 2.11.0[0;36;22m] [0;33;1m[0;31;1mIntegration Deactivated [0;35;1mIntegrationLiabilityAreaEffectCloud[m
